<?xml version="1.0" encoding="UTF-8"?>
<!-- Generated by org.testng.reporters.JUnitXMLReporter -->
<testsuite ignored="2" hostname="DESKTOP-M471DVV" failures="0" tests="1" name="Default test" time="0.603" errors="0" timestamp="2025-09-02T11:52:27 IST">
  <testcase classname="pack_1.Demo" name="main2" time="0.033"/>
  <testcase classname="pack_1.Demo" name="main1" time="0.0">
    <ignored/>
  </testcase> <!-- main1 -->
  <testcase classname="pack_1.Demo" name="name" time="0.0">
    <ignored/>
  </testcase> <!-- name -->
</testsuite> <!-- Default test -->
