<?xml version="1.0" encoding="UTF-8"?>
<!-- Generated by org.testng.reporters.JUnitXMLReporter -->
<testsuite ignored="2" hostname="Dinesh" failures="0" tests="1" name="Default test" time="0.091" errors="0" timestamp="2025-09-02T23:41:00 IST">
  <testcase classname="zTestpackage.Demo" name="main2" time="0.017"/>
  <testcase classname="zTestpackage.Demo" name="name" time="0.0">
    <ignored/>
  </testcase> <!-- name -->
  <testcase classname="zTestpackage.Demo" name="main1" time="0.0">
    <ignored/>
  </testcase> <!-- main1 -->
</testsuite> <!-- Default test -->
