<?xml version="1.0" encoding="UTF-8"?>
<testng-results ignored="0" total="1" passed="1" failed="0" skipped="0">
  <reporter-output>
  </reporter-output>
  <suite started-at="2025-09-03T23:50:02 IST" name="Default suite" finished-at="2025-09-03T23:50:13 IST" duration-ms="11496">
    <groups>
    </groups>
    <test started-at="2025-09-03T23:50:02 IST" name="Default test" finished-at="2025-09-03T23:50:13 IST" duration-ms="11496">
      <class name="zTestpackage.Amazon">
        <test-method signature="amazon()[pri:0, instance:zTestpackage.Amazon@2925bf5b]" started-at="2025-09-03T23:50:02 IST" name="amazon" finished-at="2025-09-03T23:50:13 IST" duration-ms="11422" status="PASS">
          <reporter-output>
          </reporter-output>
        </test-method> <!-- amazon -->
      </class> <!-- zTestpackage.Amazon -->
    </test> <!-- Default test -->
  </suite> <!-- Default suite -->
</testng-results>
