<?xml version="1.0" encoding="UTF-8"?>
<testng-results ignored="0" total="1" passed="1" failed="0" skipped="0">
  <reporter-output>
  </reporter-output>
  <suite started-at="2025-09-01T22:36:02 IST" name="Default suite" finished-at="2025-09-01T22:36:02 IST" duration-ms="79">
    <groups>
    </groups>
    <test started-at="2025-09-01T22:36:02 IST" name="Default test" finished-at="2025-09-01T22:36:02 IST" duration-ms="79">
      <class name="pack_1.Demo">
        <test-method signature="name()[pri:0, instance:pack_1.Demo@7a8c8dcf]" started-at="2025-09-01T22:36:02 IST" name="name" finished-at="2025-09-01T22:36:02 IST" duration-ms="17" status="PASS">
          <reporter-output>
          </reporter-output>
        </test-method> <!-- name -->
      </class> <!-- pack_1.Demo -->
    </test> <!-- Default test -->
  </suite> <!-- Default suite -->
</testng-results>
